[INFO] [20-07-11] [com.mchange.v2.log.MLog]MLog clients using log4j logging.
[DEBUG] [20-07-11] [com.mchange.v2.log.MLog]Reading VM config for path list /com/mchange/v2/log/default-mchange-log.properties, /mchange-commons.properties, /c3p0.properties, hocon:/reference,/application,/c3p0,/, /mchange-log.properties, /
[DEBUG] [20-07-11] [com.mchange.v2.log.MLog]The configuration file for resource identifier '/mchange-commons.properties' could not be found. Skipping.
[DEBUG] [20-07-11] [com.mchange.v2.log.MLog]The configuration file for resource identifier '/c3p0.properties' could not be found. Skipping.
[DEBUG] [20-07-11] [com.mchange.v2.log.MLog]The configuration file for resource identifier 'hocon:/reference,/application,/c3p0,/' could not be found. Skipping.
[DEBUG] [20-07-11] [com.mchange.v2.log.MLog]The configuration file for resource identifier '/mchange-log.properties' could not be found. Skipping.
[DEBUG] [20-07-11] [com.mchange.v2.cfg.MConfig]The configuration file for resource identifier '/mchange-commons.properties' could not be found. Skipping.
[DEBUG] [20-07-11] [com.mchange.v2.cfg.MConfig]The configuration file for resource identifier '/mchange-log.properties' could not be found. Skipping.
[DEBUG] [20-07-11] [com.mchange.v2.cfg.MConfig]The configuration file for resource identifier 'hocon:/reference,/application,/c3p0,/' could not be found. Skipping.
[DEBUG] [20-07-11] [com.mchange.v2.cfg.MConfig]The configuration file for resource identifier '/c3p0.properties' could not be found. Skipping.
[INFO] [20-07-11] [com.mchange.v2.c3p0.C3P0Registry]Initializing c3p0-0.9.5.5 [built 11-December-2019 22:18:33 -0800; debug? true; trace: 10]
[DEBUG] [20-07-11] [com.mchange.v2.c3p0.management.DynamicPooledDataSourceManagerMBean]MBean: com.mchange.v2.c3p0:type=PooledDataSource,identityToken=1hge4u9abgmosd0jk8upo|5d740a0f,name=1hge4u9abgmosd0jk8upo|5d740a0f registered.
[DEBUG] [20-07-11] [com.mchange.v2.c3p0.management.DynamicPooledDataSourceManagerMBean]MBean: com.mchange.v2.c3p0:type=PooledDataSource,identityToken=1hge4u9abgmosd0jk8upo|5d740a0f,name=1hge4u9abgmosd0jk8upo|5d740a0f unregistered, in order to be reregistered after update.
[DEBUG] [20-07-11] [com.mchange.v2.c3p0.management.DynamicPooledDataSourceManagerMBean]MBean: com.mchange.v2.c3p0:type=PooledDataSource,identityToken=1hge4u9abgmosd0jk8upo|5d740a0f,name=1hge4u9abgmosd0jk8upo|5d740a0f registered.
[INFO] [20-07-11] [com.mchange.v2.c3p0.impl.AbstractPoolBackedDataSource]Initializing c3p0 pool... com.mchange.v2.c3p0.ComboPooledDataSource [ acquireIncrement -> 3, acquireRetryAttempts -> 30, acquireRetryDelay -> 1000, autoCommitOnClose -> false, automaticTestTable -> null, breakAfterAcquireFailure -> false, checkoutTimeout -> 0, connectionCustomizerClassName -> null, connectionTesterClassName -> com.mchange.v2.c3p0.impl.DefaultConnectionTester, contextClassLoaderSource -> caller, dataSourceName -> 1hge4u9abgmosd0jk8upo|5d740a0f, debugUnreturnedConnectionStackTraces -> false, description -> null, driverClass -> com.mysql.cj.jdbc.Driver, extensions -> {}, factoryClassLocation -> null, forceIgnoreUnresolvedTransactions -> false, forceSynchronousCheckins -> false, forceUseNamedDriverClass -> false, identityToken -> 1hge4u9abgmosd0jk8upo|5d740a0f, idleConnectionTestPeriod -> 0, initialPoolSize -> 3, jdbcUrl -> jdbc:mysql://localhost:3306/testdb?serverTimezone=GMT%2B8, maxAdministrativeTaskTime -> 0, maxConnectionAge -> 0, maxIdleTime -> 0, maxIdleTimeExcessConnections -> 0, maxPoolSize -> 15, maxStatements -> 0, maxStatementsPerConnection -> 0, minPoolSize -> 3, numHelperThreads -> 3, preferredTestQuery -> null, privilegeSpawnedThreads -> false, properties -> {user=******, password=******}, propertyCycle -> 0, statementCacheNumDeferredCloseThreads -> 0, testConnectionOnCheckin -> false, testConnectionOnCheckout -> false, unreturnedConnectionTimeout -> 0, userOverrides -> {}, usesTraditionalReflectiveProxies -> false ]
[DEBUG] [20-07-11] [com.mchange.v2.cfg.MConfig]The configuration file for resource identifier '/mchange-commons.properties' could not be found. Skipping.
[DEBUG] [20-07-11] [com.mchange.v2.cfg.MConfig]The configuration file for resource identifier '/mchange-log.properties' could not be found. Skipping.
[DEBUG] [20-07-11] [com.mchange.v2.cfg.MConfig]The configuration file for resource identifier '/c3p0.properties' could not be found. Skipping.
[DEBUG] [20-07-11] [com.mchange.v2.cfg.MConfig]The configuration file for resource identifier 'hocon:/reference,/application,/c3p0,/' could not be found. Skipping.
[DEBUG] [20-07-11] [com.mchange.v2.resourcepool.BasicResourcePool]com.mchange.v2.resourcepool.BasicResourcePool@14dd9eb7 config: [start -> 3; min -> 3; max -> 15; inc -> 3; num_acq_attempts -> 30; acq_attempt_delay -> 1000; check_idle_resources_delay -> 0; max_resource_age -> 0; max_idle_time -> 0; excess_max_idle_time -> 0; destroy_unreturned_resc_time -> 0; expiration_enforcement_delay -> 0; break_on_acquisition_failure -> false; debug_store_checkout_exceptions -> false; force_synchronous_checkins -> false]
[DEBUG] [20-07-11] [com.mchange.v2.c3p0.impl.C3P0PooledConnectionPoolManager]Created new pool for auth, username (masked): 'ro******'.
[DEBUG] [20-07-11] [com.mchange.v2.resourcepool.BasicResourcePool]acquire test -- pool size: 0; target_pool_size: 3; desired target? 1
[DEBUG] [20-07-11] [com.mchange.v2.resourcepool.BasicResourcePool]awaitAvailable(): [unknown]
[INFO] [20-07-11] [com.mchange.v2.log.MLog]MLog clients using log4j logging.
[DEBUG] [20-07-11] [com.mchange.v2.log.MLog]Reading VM config for path list /com/mchange/v2/log/default-mchange-log.properties, /mchange-commons.properties, /c3p0.properties, hocon:/reference,/application,/c3p0,/, /mchange-log.properties, /
[DEBUG] [20-07-11] [com.mchange.v2.log.MLog]The configuration file for resource identifier '/mchange-commons.properties' could not be found. Skipping.
[DEBUG] [20-07-11] [com.mchange.v2.log.MLog]The configuration file for resource identifier '/c3p0.properties' could not be found. Skipping.
[DEBUG] [20-07-11] [com.mchange.v2.log.MLog]The configuration file for resource identifier 'hocon:/reference,/application,/c3p0,/' could not be found. Skipping.
[DEBUG] [20-07-11] [com.mchange.v2.log.MLog]The configuration file for resource identifier '/mchange-log.properties' could not be found. Skipping.
[DEBUG] [20-07-11] [com.mchange.v2.cfg.MConfig]The configuration file for resource identifier '/mchange-commons.properties' could not be found. Skipping.
[DEBUG] [20-07-11] [com.mchange.v2.cfg.MConfig]The configuration file for resource identifier '/mchange-log.properties' could not be found. Skipping.
[DEBUG] [20-07-11] [com.mchange.v2.cfg.MConfig]The configuration file for resource identifier 'hocon:/reference,/application,/c3p0,/' could not be found. Skipping.
[DEBUG] [20-07-11] [com.mchange.v2.cfg.MConfig]The configuration file for resource identifier '/c3p0.properties' could not be found. Skipping.
[INFO] [20-07-11] [com.mchange.v2.c3p0.C3P0Registry]Initializing c3p0-0.9.5.5 [built 11-December-2019 22:18:33 -0800; debug? true; trace: 10]
[DEBUG] [20-07-11] [com.mchange.v2.c3p0.management.DynamicPooledDataSourceManagerMBean]MBean: com.mchange.v2.c3p0:type=PooledDataSource,identityToken=1hge4u9abgn54zxqaz245|5d740a0f,name=1hge4u9abgn54zxqaz245|5d740a0f registered.
[DEBUG] [20-07-11] [com.mchange.v2.c3p0.management.DynamicPooledDataSourceManagerMBean]MBean: com.mchange.v2.c3p0:type=PooledDataSource,identityToken=1hge4u9abgn54zxqaz245|5d740a0f,name=1hge4u9abgn54zxqaz245|5d740a0f unregistered, in order to be reregistered after update.
[DEBUG] [20-07-11] [com.mchange.v2.c3p0.management.DynamicPooledDataSourceManagerMBean]MBean: com.mchange.v2.c3p0:type=PooledDataSource,identityToken=1hge4u9abgn54zxqaz245|5d740a0f,name=1hge4u9abgn54zxqaz245|5d740a0f registered.
[INFO] [20-07-11] [com.mchange.v2.c3p0.impl.AbstractPoolBackedDataSource]Initializing c3p0 pool... com.mchange.v2.c3p0.ComboPooledDataSource [ acquireIncrement -> 3, acquireRetryAttempts -> 30, acquireRetryDelay -> 1000, autoCommitOnClose -> false, automaticTestTable -> null, breakAfterAcquireFailure -> false, checkoutTimeout -> 0, connectionCustomizerClassName -> null, connectionTesterClassName -> com.mchange.v2.c3p0.impl.DefaultConnectionTester, contextClassLoaderSource -> caller, dataSourceName -> 1hge4u9abgn54zxqaz245|5d740a0f, debugUnreturnedConnectionStackTraces -> false, description -> null, driverClass -> com.mysql.cj.jdbc.Driver, extensions -> {}, factoryClassLocation -> null, forceIgnoreUnresolvedTransactions -> false, forceSynchronousCheckins -> false, forceUseNamedDriverClass -> false, identityToken -> 1hge4u9abgn54zxqaz245|5d740a0f, idleConnectionTestPeriod -> 0, initialPoolSize -> 3, jdbcUrl -> jdbc:mysql://localhost:3306/testdb?serverTimezone=GMT%2B8, maxAdministrativeTaskTime -> 0, maxConnectionAge -> 0, maxIdleTime -> 0, maxIdleTimeExcessConnections -> 0, maxPoolSize -> 15, maxStatements -> 0, maxStatementsPerConnection -> 0, minPoolSize -> 3, numHelperThreads -> 3, preferredTestQuery -> null, privilegeSpawnedThreads -> false, properties -> {user=******, password=******}, propertyCycle -> 0, statementCacheNumDeferredCloseThreads -> 0, testConnectionOnCheckin -> false, testConnectionOnCheckout -> false, unreturnedConnectionTimeout -> 0, userOverrides -> {}, usesTraditionalReflectiveProxies -> false ]
[DEBUG] [20-07-11] [com.mchange.v2.cfg.MConfig]The configuration file for resource identifier '/mchange-commons.properties' could not be found. Skipping.
[DEBUG] [20-07-11] [com.mchange.v2.cfg.MConfig]The configuration file for resource identifier '/mchange-log.properties' could not be found. Skipping.
[DEBUG] [20-07-11] [com.mchange.v2.cfg.MConfig]The configuration file for resource identifier '/c3p0.properties' could not be found. Skipping.
[DEBUG] [20-07-11] [com.mchange.v2.cfg.MConfig]The configuration file for resource identifier 'hocon:/reference,/application,/c3p0,/' could not be found. Skipping.
[DEBUG] [20-07-11] [com.mchange.v2.resourcepool.BasicResourcePool]com.mchange.v2.resourcepool.BasicResourcePool@14dd9eb7 config: [start -> 3; min -> 3; max -> 15; inc -> 3; num_acq_attempts -> 30; acq_attempt_delay -> 1000; check_idle_resources_delay -> 0; max_resource_age -> 0; max_idle_time -> 0; excess_max_idle_time -> 0; destroy_unreturned_resc_time -> 0; expiration_enforcement_delay -> 0; break_on_acquisition_failure -> false; debug_store_checkout_exceptions -> false; force_synchronous_checkins -> false]
[DEBUG] [20-07-11] [com.mchange.v2.c3p0.impl.C3P0PooledConnectionPoolManager]Created new pool for auth, username (masked): 'ro******'.
[DEBUG] [20-07-11] [com.mchange.v2.resourcepool.BasicResourcePool]acquire test -- pool size: 0; target_pool_size: 3; desired target? 1
[DEBUG] [20-07-11] [com.mchange.v2.resourcepool.BasicResourcePool]awaitAvailable(): [unknown]
